<?xml version="1.0" encoding="UTF-8"?>
<testng-results skipped="0" failed="0" ignored="0" total="1" passed="1">
  <reporter-output>
  </reporter-output>
  <suite name="Default suite" duration-ms="5786" started-at="2021-11-08T15:48:11 AEDT" finished-at="2021-11-08T15:48:16 AEDT">
    <groups>
    </groups>
    <test name="Default test" duration-ms="5786" started-at="2021-11-08T15:48:11 AEDT" finished-at="2021-11-08T15:48:16 AEDT">
      <class name="XMLSchemaValidation">
        <test-method status="PASS" signature="schemaValidation()[pri:0, instance:XMLSchemaValidation@480bdb19]" name="schemaValidation" duration-ms="5659" started-at="2021-11-08T15:48:11 AEDT" finished-at="2021-11-08T15:48:16 AEDT">
          <reporter-output>
          </reporter-output>
        </test-method> <!-- schemaValidation -->
      </class> <!-- XMLSchemaValidation -->
    </test> <!-- Default test -->
  </suite> <!-- Default suite -->
</testng-results>
